[INFO] Scanning for projects...
[INFO] 
[INFO] -----------------------< com.victor:core-victor >-----------------------
[INFO] Building core-victor 1.0-SNAPSHOT
[INFO]   from pom.xml
[INFO] --------------------------------[ jar ]---------------------------------
[INFO]
[INFO] --- clean:3.2.0:clean (default-clean) @ core-victor ---
[INFO] Deleting /Users/tiago/Documents/school/L5/Java Microservices/Victor Final Project/core-victor/target
[INFO]
[INFO] --- resources:3.3.1:resources (default-resources) @ core-victor ---
[INFO] Copying 0 resource from src/main/resources to target/classes
[INFO]
[INFO] --- compiler:3.10.1:compile (default-compile) @ core-victor ---
[INFO] Nothing to compile - all classes are up to date
[INFO]
[INFO] --- resources:3.3.1:testResources (default-testResources) @ core-victor ---
[INFO] skip non existing resourceDirectory /Users/tiago/Documents/school/L5/Java Microservices/Victor Final Project/core-victor/src/test/resources
[INFO]
[INFO] --- compiler:3.10.1:testCompile (default-testCompile) @ core-victor ---
[INFO] Nothing to compile - all classes are up to date
[INFO]
[INFO] --- surefire:3.2.5:test (default-test) @ core-victor ---
Downloading from central: https://repo.maven.apache.org/maven2/org/apache/maven/surefire/maven-surefire-common/3.2.5/maven-surefire-common-3.2.5.jar
Progress (1): 16/308 kB
Progress (1): 33/308 kB
Progress (1): 49/308 kB
Progress (1): 66/308 kB
Progress (1): 82/308 kB
Progress (1): 98/308 kB
Progress (1): 115/308 kB
Progress (1): 131/308 kB
Progress (1): 147/308 kB
Progress (1): 164/308 kB
Progress (1): 180/308 kB
Progress (1): 197/308 kB
Progress (1): 213/308 kB
Progress (1): 229/308 kB
Progress (1): 246/308 kB
Progress (1): 256/308 kB
Progress (1): 272/308 kB
Progress (1): 289/308 kB
Progress (1): 305/308 kB
Progress (1): 308 kB

Downloaded from central: https://repo.maven.apache.org/maven2/org/apache/maven/surefire/maven-surefire-common/3.2.5/maven-surefire-common-3.2.5.jar (308 kB at 344 kB/s)
Downloading from central: https://repo.maven.apache.org/maven2/org/apache/maven/surefire/surefire-api/3.2.5/surefire-api-3.2.5.jar
Downloading from central: https://repo.maven.apache.org/maven2/org/apache/maven/surefire/surefire-logger-api/3.2.5/surefire-logger-api-3.2.5.jar
Downloading from central: https://repo.maven.apache.org/maven2/org/apache/maven/surefire/surefire-extensions-api/3.2.5/surefire-extensions-api-3.2.5.jar
Downloading from central: https://repo.maven.apache.org/maven2/org/apache/maven/surefire/surefire-booter/3.2.5/surefire-booter-3.2.5.jar
Downloading from central: https://repo.maven.apache.org/maven2/org/apache/maven/surefire/surefire-extensions-spi/3.2.5/surefire-extensions-spi-3.2.5.jar
Progress (1): 16/171 kB
Progress (1): 33/171 kB
Progress (1): 49/171 kB
Progress (1): 66/171 kB
Progress (1): 82/171 kB
Progress (1): 98/171 kB
Progress (1): 115/171 kB
Progress (1): 131/171 kB
Progress (1): 147/171 kB
Progress (1): 164/171 kB
Progress (1): 171 kB

Downloaded from central: https://repo.maven.apache.org/maven2/org/apache/maven/surefire/surefire-api/3.2.5/surefire-api-3.2.5.jar (171 kB at 525 kB/s)
Downloading from central: https://repo.maven.apache.org/maven2/org/apache/maven/shared/maven-common-artifact-filters/3.1.1/maven-common-artifact-filters-3.1.1.jar
Progress (1): 16/118 kB
Progress (1): 33/118 kB
Progress (2): 33/118 kB | 1.4/14 kB
Progress (2): 33/118 kB | 2.8/14 kB
Progress (2): 33/118 kB | 4.1/14 kB
Progress (2): 33/118 kB | 5.5/14 kB
Progress (2): 33/118 kB | 6.9/14 kB
Progress (2): 33/118 kB | 8.3/14 kB
Progress (2): 33/118 kB | 9.7/14 kB
Progress (2): 33/118 kB | 11/14 kB
Progress (2): 33/118 kB | 12/14 kB
Progress (2): 33/118 kB | 14 kB

Downloaded from central: https://repo.maven.apache.org/maven2/org/apache/maven/surefire/surefire-logger-api/3.2.5/surefire-logger-api-3.2.5.jar (14 kB at 28 kB/s)
Downloading from central: https://repo.maven.apache.org/maven2/commons-io/commons-io/2.15.1/commons-io-2.15.1.jar
Progress (1): 49/118 kB
Progress (2): 49/118 kB | 1.4/8.2 kB
Progress (2): 49/118 kB | 2.8/8.2 kB
Progress (2): 49/118 kB | 4.1/8.2 kB
Progress (2): 49/118 kB | 5.5/8.2 kB
Progress (2): 49/118 kB | 6.9/8.2 kB
Progress (2): 49/118 kB | 8.2 kB
Progress (3): 49/118 kB | 8.2 kB | 1.4/26 kB
Progress (3): 49/118 kB | 8.2 kB | 2.8/26 kB
Progress (3): 49/118 kB | 8.2 kB | 4.1/26 kB
Progress (3): 49/118 kB | 8.2 kB | 5.5/26 kB
Progress (3): 49/118 kB | 8.2 kB | 6.9/26 kB

Downloaded from central: https://repo.maven.apache.org/maven2/org/apache/maven/surefire/surefire-extensions-spi/3.2.5/surefire-extensions-spi-3.2.5.jar (8.2 kB at 14 kB/s)
Downloading from central: https://repo.maven.apache.org/maven2/org/apache/maven/surefire/surefire-shared-utils/3.2.5/surefire-shared-utils-3.2.5.jar
Progress (2): 49/118 kB | 8.3/26 kB
Progress (2): 49/118 kB | 9.7/26 kB
Progress (2): 49/118 kB | 11/26 kB
Progress (2): 49/118 kB | 12/26 kB
Progress (2): 49/118 kB | 14/26 kB
Progress (2): 49/118 kB | 15/26 kB
Progress (2): 49/118 kB | 17/26 kB
Progress (2): 66/118 kB | 17/26 kB
Progress (2): 66/118 kB | 18/26 kB
Progress (2): 66/118 kB | 19/26 kB
Progress (2): 66/118 kB | 21/26 kB
Progress (3): 66/118 kB | 21/26 kB | 16/61 kB
Progress (3): 66/118 kB | 22/26 kB | 16/61 kB
Progress (3): 66/118 kB | 23/26 kB | 16/61 kB
Progress (3): 82/118 kB | 23/26 kB | 16/61 kB
Progress (3): 82/118 kB | 25/26 kB | 16/61 kB
Progress (3): 82/118 kB | 26 kB | 16/61 kB

Downloaded from central: https://repo.maven.apache.org/maven2/org/apache/maven/surefire/surefire-extensions-api/3.2.5/surefire-extensions-api-3.2.5.jar (26 kB at 43 kB/s)
Progress (2): 98/118 kB | 16/61 kB
Progress (2): 98/118 kB | 32/61 kB
Progress (2): 115/118 kB | 32/61 kB
Progress (2): 118 kB | 32/61 kB

Downloaded from central: https://repo.maven.apache.org/maven2/org/apache/maven/surefire/surefire-booter/3.2.5/surefire-booter-3.2.5.jar (118 kB at 184 kB/s)
Progress (1): 49/61 kB
Progress (1): 61 kB
Progress (2): 61 kB | 16/501 kB
Progress (2): 61 kB | 33/501 kB

Downloaded from central: https://repo.maven.apache.org/maven2/org/apache/maven/shared/maven-common-artifact-filters/3.1.1/maven-common-artifact-filters-3.1.1.jar (61 kB at 93 kB/s)
Progress (1): 49/501 kB
Progress (1): 64/501 kB
Progress (1): 80/501 kB
Progress (2): 80/501 kB | 0/2.4 MB
Progress (2): 97/501 kB | 0/2.4 MB
Progress (2): 113/501 kB | 0/2.4 MB
Progress (2): 130/501 kB | 0/2.4 MB
Progress (2): 146/501 kB | 0/2.4 MB
Progress (2): 146/501 kB | 0/2.4 MB
Progress (2): 162/501 kB | 0/2.4 MB
Progress (2): 179/501 kB | 0/2.4 MB
Progress (2): 179/501 kB | 0/2.4 MB
Progress (2): 195/501 kB | 0/2.4 MB
Progress (2): 195/501 kB | 0.1/2.4 MB
Progress (2): 212/501 kB | 0.1/2.4 MB
Progress (2): 228/501 kB | 0.1/2.4 MB
Progress (2): 244/501 kB | 0.1/2.4 MB
Progress (2): 261/501 kB | 0.1/2.4 MB
Progress (2): 261/501 kB | 0.1/2.4 MB
Progress (2): 277/501 kB | 0.1/2.4 MB
Progress (2): 277/501 kB | 0.1/2.4 MB
Progress (2): 293/501 kB | 0.1/2.4 MB
Progress (2): 310/501 kB | 0.1/2.4 MB
Progress (2): 326/501 kB | 0.1/2.4 MB
Progress (2): 326/501 kB | 0.1/2.4 MB
Progress (2): 343/501 kB | 0.1/2.4 MB
Progress (2): 343/501 kB | 0.1/2.4 MB
Progress (2): 359/501 kB | 0.1/2.4 MB
Progress (2): 359/501 kB | 0.1/2.4 MB
Progress (2): 375/501 kB | 0.1/2.4 MB
Progress (2): 375/501 kB | 0.2/2.4 MB
Progress (2): 392/501 kB | 0.2/2.4 MB
Progress (2): 392/501 kB | 0.2/2.4 MB
Progress (2): 408/501 kB | 0.2/2.4 MB
Progress (2): 425/501 kB | 0.2/2.4 MB
Progress (2): 425/501 kB | 0.2/2.4 MB
Progress (2): 441/501 kB | 0.2/2.4 MB
Progress (2): 441/501 kB | 0.2/2.4 MB
Progress (2): 441/501 kB | 0.2/2.4 MB
Progress (2): 457/501 kB | 0.2/2.4 MB
Progress (2): 457/501 kB | 0.2/2.4 MB
Progress (2): 474/501 kB | 0.2/2.4 MB
Progress (2): 474/501 kB | 0.3/2.4 MB
Progress (2): 490/501 kB | 0.3/2.4 MB
Progress (2): 490/501 kB | 0.3/2.4 MB
Progress (2): 501 kB | 0.3/2.4 MB
Progress (2): 501 kB | 0.3/2.4 MB

Downloaded from central: https://repo.maven.apache.org/maven2/commons-io/commons-io/2.15.1/commons-io-2.15.1.jar (501 kB at 345 kB/s)
Progress (1): 0.3/2.4 MB
Progress (1): 0.3/2.4 MB
Progress (1): 0.3/2.4 MB
Progress (1): 0.4/2.4 MB
Progress (1): 0.4/2.4 MB
Progress (1): 0.4/2.4 MB
Progress (1): 0.4/2.4 MB
Progress (1): 0.4/2.4 MB
Progress (1): 0.4/2.4 MB
Progress (1): 0.5/2.4 MB
Progress (1): 0.5/2.4 MB
Progress (1): 0.5/2.4 MB
Progress (1): 0.5/2.4 MB
Progress (1): 0.5/2.4 MB
Progress (1): 0.5/2.4 MB
Progress (1): 0.6/2.4 MB
Progress (1): 0.6/2.4 MB
Progress (1): 0.6/2.4 MB
Progress (1): 0.6/2.4 MB
Progress (1): 0.6/2.4 MB
Progress (1): 0.6/2.4 MB
Progress (1): 0.6/2.4 MB
Progress (1): 0.7/2.4 MB
Progress (1): 0.7/2.4 MB
Progress (1): 0.7/2.4 MB
Progress (1): 0.7/2.4 MB
Progress (1): 0.7/2.4 MB
Progress (1): 0.7/2.4 MB
Progress (1): 0.8/2.4 MB
Progress (1): 0.8/2.4 MB
Progress (1): 0.8/2.4 MB
Progress (1): 0.8/2.4 MB
Progress (1): 0.8/2.4 MB
Progress (1): 0.8/2.4 MB
Progress (1): 0.9/2.4 MB
Progress (1): 0.9/2.4 MB
Progress (1): 0.9/2.4 MB
Progress (1): 0.9/2.4 MB
Progress (1): 0.9/2.4 MB
Progress (1): 0.9/2.4 MB
Progress (1): 1.0/2.4 MB
Progress (1): 1.0/2.4 MB
Progress (1): 1.0/2.4 MB
Progress (1): 1.0/2.4 MB
Progress (1): 1.0/2.4 MB
Progress (1): 1.0/2.4 MB
Progress (1): 1.1/2.4 MB
Progress (1): 1.1/2.4 MB
Progress (1): 1.1/2.4 MB
Progress (1): 1.1/2.4 MB
Progress (1): 1.1/2.4 MB
Progress (1): 1.1/2.4 MB
Progress (1): 1.2/2.4 MB
Progress (1): 1.2/2.4 MB
Progress (1): 1.2/2.4 MB
Progress (1): 1.2/2.4 MB
Progress (1): 1.2/2.4 MB
Progress (1): 1.2/2.4 MB
Progress (1): 1.3/2.4 MB
Progress (1): 1.3/2.4 MB
Progress (1): 1.3/2.4 MB
Progress (1): 1.3/2.4 MB
Progress (1): 1.3/2.4 MB
Progress (1): 1.3/2.4 MB
Progress (1): 1.3/2.4 MB
Progress (1): 1.4/2.4 MB
Progress (1): 1.4/2.4 MB
Progress (1): 1.4/2.4 MB
Progress (1): 1.4/2.4 MB
Progress (1): 1.4/2.4 MB
Progress (1): 1.4/2.4 MB
Progress (1): 1.5/2.4 MB
Progress (1): 1.5/2.4 MB
Progress (1): 1.5/2.4 MB
Progress (1): 1.5/2.4 MB
Progress (1): 1.5/2.4 MB
Progress (1): 1.5/2.4 MB
Progress (1): 1.6/2.4 MB
Progress (1): 1.6/2.4 MB
Progress (1): 1.6/2.4 MB
Progress (1): 1.6/2.4 MB
Progress (1): 1.6/2.4 MB
Progress (1): 1.6/2.4 MB
Progress (1): 1.7/2.4 MB
Progress (1): 1.7/2.4 MB
Progress (1): 1.7/2.4 MB
Progress (1): 1.7/2.4 MB
Progress (1): 1.7/2.4 MB
Progress (1): 1.7/2.4 MB
Progress (1): 1.8/2.4 MB
Progress (1): 1.8/2.4 MB
Progress (1): 1.8/2.4 MB
Progress (1): 1.8/2.4 MB
Progress (1): 1.8/2.4 MB
Progress (1): 1.8/2.4 MB
Progress (1): 1.9/2.4 MB
Progress (1): 1.9/2.4 MB
Progress (1): 1.9/2.4 MB
Progress (1): 1.9/2.4 MB
Progress (1): 1.9/2.4 MB
Progress (1): 1.9/2.4 MB
Progress (1): 1.9/2.4 MB
Progress (1): 2.0/2.4 MB
Progress (1): 2.0/2.4 MB
Progress (1): 2.0/2.4 MB
Progress (1): 2.0/2.4 MB
Progress (1): 2.0/2.4 MB
Progress (1): 2.0/2.4 MB
Progress (1): 2.1/2.4 MB
Progress (1): 2.1/2.4 MB
Progress (1): 2.1/2.4 MB
Progress (1): 2.1/2.4 MB
Progress (1): 2.1/2.4 MB
Progress (1): 2.1/2.4 MB
Progress (1): 2.2/2.4 MB
Progress (1): 2.2/2.4 MB
Progress (1): 2.2/2.4 MB
Progress (1): 2.2/2.4 MB
Progress (1): 2.2/2.4 MB
Progress (1): 2.2/2.4 MB
Progress (1): 2.2/2.4 MB
Progress (1): 2.3/2.4 MB
Progress (1): 2.3/2.4 MB
Progress (1): 2.3/2.4 MB
Progress (1): 2.3/2.4 MB
Progress (1): 2.3/2.4 MB
Progress (1): 2.3/2.4 MB
Progress (1): 2.3/2.4 MB
Progress (1): 2.4/2.4 MB
Progress (1): 2.4/2.4 MB
Progress (1): 2.4/2.4 MB
Progress (1): 2.4/2.4 MB
Progress (1): 2.4/2.4 MB
Progress (1): 2.4 MB

Downloaded from central: https://repo.maven.apache.org/maven2/org/apache/maven/surefire/surefire-shared-utils/3.2.5/surefire-shared-utils-3.2.5.jar (2.4 MB at 625 kB/s)
[INFO] No tests to run.
[INFO]
[INFO] --- jar:3.4.1:jar (default-jar) @ core-victor ---
[INFO] Building jar: /Users/tiago/Documents/school/L5/Java Microservices/Victor Final Project/core-victor/target/core-victor-1.0-SNAPSHOT.jar
[INFO]
[INFO] --- install:3.1.2:install (default-install) @ core-victor ---
[INFO] Installing /Users/tiago/Documents/school/L5/Java Microservices/Victor Final Project/core-victor/pom.xml to /Users/tiago/.m2/repository/com/victor/core-victor/1.0-SNAPSHOT/core-victor-1.0-SNAPSHOT.pom
[INFO] Installing /Users/tiago/Documents/school/L5/Java Microservices/Victor Final Project/core-victor/target/core-victor-1.0-SNAPSHOT.jar to /Users/tiago/.m2/repository/com/victor/core-victor/1.0-SNAPSHOT/core-victor-1.0-SNAPSHOT.jar
[INFO] ------------------------------------------------------------------------
[INFO] BUILD SUCCESS
[INFO] ------------------------------------------------------------------------
[INFO] Total time:  5.698 s
[INFO] Finished at: 2025-01-20T11:53:27+01:00
[INFO] ------------------------------------------------------------------------
